Log file open, 04/21/15 18:46:38
LogInit:Display: Running engine for game: TeraNova
LogInit: Version: 4.7.6-2513093+++depot+UE4-Releases+4.7
LogInit: API Version: 2455222
LogInit: Compiled (64-bit): Apr 15 2015 12:09:54
LogInit: Compiled with Visual C++: 18.00.21005.01
LogInit: Build Configuration: Development
LogInit: Branch Name: ++depot+UE4-Releases+4.7
LogInit: Command line: 
LogInit: Base directory: E:/Program Files/Epic Games/4.7/Engine/Binaries/Win64/
LogInit: Rocket: 1
[2015.04.21-16.46.38:119][  0]LogTaskGraph: Started task graph with 3 named threads and 6 total threads.
[2015.04.21-16.46.38:177][  0]LogOnline:Warning: No default platform service specified for OnlineSubsystem
[2015.04.21-16.46.38:190][  0]LogInit: Presizing for 0 objects not considered by GC, pre-allocating 0 bytes.
[2015.04.21-16.46.38:198][  0]LogInit: Object subsystem initialized
[2015.04.21-16.46.38:200][  0]LogConsoleResponse:Warning: Skipping Unknown console variable: 'TranslucentSortAxis = (X=0.000000,Y=-1.000000,Z=0.000000)'
[2015.04.21-16.46.38:200][  0]LogConsoleResponse:Warning:   Found in ini file 'C:/Users/Daniel/Documents/GitHub/TeraNowaProject/TeraNova/Saved/Config/Windows/Engine.ini', in section '[/Script/Engine.RendererSettings]'
[2015.04.21-16.46.38:200][  0]LogConsoleResponse:Warning: Skipping Unknown console variable: 'UIScaleRule = ShortestSide'
[2015.04.21-16.46.38:200][  0]LogConsoleResponse:Warning:   Found in ini file 'C:/Users/Daniel/Documents/GitHub/TeraNowaProject/TeraNova/Saved/Config/Windows/Engine.ini', in section '[/Script/Engine.RendererSettings]'
[2015.04.21-16.46.38:200][  0]LogConsoleResponse:Warning: Skipping Unknown console variable: 'UIScaleCurve = (EditorCurveData=(Keys=),ExternalCurve=None)'
[2015.04.21-16.46.38:200][  0]LogConsoleResponse:Warning:   Found in ini file 'C:/Users/Daniel/Documents/GitHub/TeraNowaProject/TeraNova/Saved/Config/Windows/Engine.ini', in section '[/Script/Engine.RendererSettings]'
[2015.04.21-16.46.38:200][  0]LogInit: Selected Device Profile: [Windows]
[2015.04.21-16.46.38:200][  0]LogInit: Applying CVar settings loaded from the selected device profile: [Windows]
[2015.04.21-16.46.38:205][  0]LogInit: Computer: DRAKOSAM
[2015.04.21-16.46.38:205][  0]LogInit: User: Daniel
[2015.04.21-16.46.38:205][  0]LogInit: CPU Page size=4096, Cores=4
[2015.04.21-16.46.38:205][  0]LogInit: High frequency timer resolution =3.020349 MHz
[2015.04.21-16.46.38:206][  0]LogMemory: Memory total: Physical=7.9GB (8GB approx) Virtual=131072.0GB
[2015.04.21-16.46.38:206][  0]LogMemory: Platform Memory Stats for Windows
[2015.04.21-16.46.38:206][  0]LogMemory: Process Physical Memory: 46.42 MB used, 46.42 MB peak
[2015.04.21-16.46.38:206][  0]LogMemory: Process Virtual Memory: 22.73 MB used, 22.73 MB peak
[2015.04.21-16.46.38:206][  0]LogMemory: Physical Memory: 2936.95 MB used, 8088.29 MB total
[2015.04.21-16.46.38:206][  0]LogMemory: Virtual Memory: 284.92 MB used, 134217728.00 MB total
[2015.04.21-16.46.38:236][  0]LogD3D11RHI: Found D3D11 adapter 0: NVIDIA GeForce GTX 660   (Feature Level 11_0)
[2015.04.21-16.46.38:236][  0]LogD3D11RHI: Adapter has 1989MB of dedicated video memory, 0MB of dedicated system memory, and 2048MB of shared system memory, 1 output[s]
[2015.04.21-16.46.38:243][  0]LogD3D11RHI: Found D3D11 adapter 1: Intel(R) HD Graphics 4600 (Feature Level 11_0)
[2015.04.21-16.46.38:243][  0]LogD3D11RHI: Adapter has 32MB of dedicated video memory, 0MB of dedicated system memory, and 1760MB of shared system memory, 0 output[s]
[2015.04.21-16.46.38:244][  0]LogD3D11RHI: Found D3D11 adapter 2: Microsoft Basic Render Driver (Feature Level 11_0)
[2015.04.21-16.46.38:244][  0]LogD3D11RHI: Adapter has 0MB of dedicated video memory, 0MB of dedicated system memory, and 256MB of shared system memory, 0 output[s]
[2015.04.21-16.46.38:244][  0]LogD3D11RHI: Chosen D3D11 Adapter Id = 0
[2015.04.21-16.46.38:247][  0]LogRHI: Texture pool is 1361 MB (70% of 1945 MB)
[2015.04.21-16.46.38:259][  0]LogD3D11RHI: Async texture creation enabled
[2015.04.21-16.46.38:321][  0]LogTextLocalizationManager: The requested culture ('pl_PL') has no localization data; falling back to 'en' for localization and internationalization data.
[2015.04.21-16.46.38:403][  0]LogTextLocalizationManager:Warning: Loading localization resources contain conflicting entries for (Namespace:UICommands, Key:Save_ToolTip):
Resource: (E:/Program Files/Epic Games/4.7/Engine/Content/Localization/Editor/en/Editor.locres) Hash: (-29098895) String: (Saves the current level to disk)
Resource: (E:/Program Files/Epic Games/4.7/Engine/Content/Localization/Engine/en/Engine.locres) Hash: (-1280300587) String: (Save selected data to vlog file)
[2015.04.21-16.46.38:403][  0]LogTextLocalizationManager:Warning: Loading localization resources contain conflicting entries for (Namespace:ContentBrowser, Key:ImportAssetToolTip):
Resource: (E:/Program Files/Epic Games/4.7/Engine/Content/Localization/Editor/en/Editor.locres) Hash: (-630476809) String: (Import to {0}...)
Resource: (E:/Program Files/Epic Games/4.7/Engine/Content/Localization/Editor/en/Editor.locres) Hash: (1271782899) String: (Imports an asset from file to this folder.)
[2015.04.21-16.46.38:482][  0]LogContentStreaming: Texture pool size is 0.000000MB
[2015.04.21-16.46.40:726][  0]LogTargetPlatformManager:Display: Building Assets For Windows
[2015.04.21-16.46.41:349][  0]LogTargetPlatformManager:Display: Building Assets For Windows
[2015.04.21-16.46.41:414][  0]LogDerivedDataCache:Display: Max Cache Size: 512 MB
[2015.04.21-16.46.41:466][  0]LogDerivedDataCache: Loaded boot cache 0.05s 39MB C:/Users/Daniel/AppData/Local/UnrealEngine/4.7/DerivedDataCache/Boot.ddc.
[2015.04.21-16.46.41:466][  0]LogDerivedDataCache:Display: Loaded Boot cache: C:/Users/Daniel/AppData/Local/UnrealEngine/4.7/DerivedDataCache/Boot.ddc
[2015.04.21-16.46.41:466][  0]LogDerivedDataCache: FDerivedDataBackendGraph:  Pak pak cache file C:/Users/Daniel/Documents/GitHub/TeraNowaProject/TeraNova/DerivedDataCache/DDC.ddp not found, will not use a pak cache.
[2015.04.21-16.46.41:466][  0]LogDerivedDataCache: Unable to find inner node Pak for hierarchical cache Hierarchy.
[2015.04.21-16.46.41:585][  0]LogDerivedDataCache:Display: Pak cache opened for reading ../../../Engine/DerivedDataCache/Compressed.ddp.
[2015.04.21-16.46.41:598][  0]LogDerivedDataCache: Using Local data cache path C:/Users/Daniel/AppData/Local/UnrealEngine/Common/DerivedDataCache: Writable
[2015.04.21-16.46.41:880][  0]LogMeshUtilities: No automatic mesh reduction module available
[2015.04.21-16.46.41:880][  0]LogMeshUtilities: No automatic mesh merging module available
[2015.04.21-16.46.42:274][  0]LogInit: WinSock: version 1.1 (2.2), MaxSocks=32767, MaxUdp=65467
[2015.04.21-16.46.42:365][  0]LogSlate:Warning: Failed to load font data from '../../../Engine/Content/Slate/Fonts/Roboto-Italic.ttf'
[2015.04.21-16.46.43:185][  0]UdpMessaging: Initializing bridge on interface 0.0.0.0:0 to multicast group 230.0.0.1:6666.
[2015.04.21-16.46.43:408][  0]SourceControl: Info Source control is disabled
[2015.04.21-16.46.43:408][  0]SourceControl: Info Source control is disabled
[2015.04.21-16.46.43:408][  0]SourceControl: Info Source control is disabled
[2015.04.21-16.46.43:419][  0]LogSourceControl: RunCommandInternalRaw: 'git version'
[2015.04.21-16.46.43:793][  0]LogSourceControl: RunCommandInternalRaw: ExecProcess ReturnCode=0 OutResults=''
[2015.04.21-16.46.44:006][  0]LogObj: 24232 objects as part of root set at end of initial load.
[2015.04.21-16.46.44:006][  0]LogUObjectAllocator: 5137176 out of 0 bytes used by permanent object pool.
[2015.04.21-16.46.44:091][  0]LogEngine: Initializing Engine...
[2015.04.21-16.46.47:245][  0]LogInit: XAudio2 using 'Speakers (Realtek High Definition Audio)' : 2 channels at 48 kHz using 32 bits per sample (channel mask 0x3)
[2015.04.21-16.46.47:253][  0]LogInit: FAudioDevice initialized.
[2015.04.21-16.46.47:295][  0]LogAIModule: Creating AISystem for world NewWorld
[2015.04.21-16.46.47:323][  0]LogDerivedDataCache: Saved boot cache 0.03s 39MB C:/Users/Daniel/AppData/Local/UnrealEngine/4.7/DerivedDataCache/Boot.ddc.
[2015.04.21-16.46.47:328][  0]LogInit: Texture streaming: Enabled
[2015.04.21-16.46.47:424][  0]LogAnalytics: Creating configured Analytics provider AnalyticsET
[2015.04.21-16.46.47:424][  0]LogAnalytics: ET APIKey = Rocket.Release. APIServer = http://et2.epicgames.com/ET2/. AppVersion = 4.7.6-2513093+++depot+UE4-Releases+4.7
[2015.04.21-16.46.47:424][  0]LogAnalytics: ET APIKey = Rocket.Release. DataRouterUploadURL = https://datarouter-public-service-gamedev.ol.epicgames.net/datarouter/api/v1/public/data. AppVersion = 4.7.6-2513093+++depot+UE4-Releases+4.7
[2015.04.21-16.46.47:424][  0]LogAnalytics: SetUserId 466a400f4eb3a5746c0617b3fb375470|e63930cb89324ad59fe3c8a0f280441d|ca710dc5-8237-4ba4-b485-048036e15f80
[2015.04.21-16.46.47:424][  0]LogAnalytics: AnalyticsET::StartSession [Rocket.Release]
[2015.04.21-16.46.47:447][  0]LogInit: Transaction tracking system initialized
[2015.04.21-16.46.47:644][  0]BlueprintLog: New page: Editor Load
[2015.04.21-16.46.47:685][  0]LogAssetRegistry: FAssetRegistry took 0.0109 seconds to start up
[2015.04.21-16.46.47:685][  0]LogDirectoryWatcher:Warning: Failed to begin reading directory changes for ../../../Engine/Plugins/Experimental/CharacterAI/Content/. Error: 0
[2015.04.21-16.46.48:333][  0]LogTargetPlatformManager:Display: Building Assets For Windows
[2015.04.21-16.46.48:787][  0]LogTargetPlatformManager:Display: Building Assets For Windows
[2015.04.21-16.46.49:107][  0]LogSlate:Warning: Failed to load font data from '../../../Engine/Content/Editor/Slate/Fonts/Roboto-Regular.ttf'
[2015.04.21-16.46.49:108][  0]LogSlate:Warning: Failed to load font data from '../../../Engine/Content/Editor/Slate/Fonts/Roboto-Bold.ttf'
[2015.04.21-16.46.49:112][  0]LogConsoleResponse:Display: 
[2015.04.21-16.46.49:253][  0]LogCook:Display: Done creating registry. It took  0.00s.
[2015.04.21-16.46.49:412][  0]LogSourceControl: RunCommandInternalRaw: 'git version'
[2015.04.21-16.46.49:774][  0]LogSourceControl: RunCommandInternalRaw: ExecProcess ReturnCode=0 OutResults=''
[2015.04.21-16.46.49:776][  0]Cmd: MAP LOAD FILE="C:/Users/Daniel/Documents/GitHub/TeraNowaProject/TeraNova/Content/TopDownBP/Maps/TopDownExampleMap.umap" TEMPLATE=0 SHOWPROGRESS=1 FEATURELEVEL=3
[2015.04.21-16.46.49:778][  0]LightingResults: New page: Lighting Build
[2015.04.21-16.46.49:795][  0]MapCheck: New page: Map Check
[2015.04.21-16.46.49:795][  0]LightingResults: New page: Lighting Build
[2015.04.21-16.46.49:802][  0]LogParticles: Destroying 0 GPU particle simulations for FXSystem 0x0000008A1631E980
[2015.04.21-16.46.50:884][  0]LogEditorServer: Finished looking for orphan Actors (0.000 secs)
[2015.04.21-16.46.50:884][  0]LogAIModule: Creating AISystem for world TopDownExampleMap
[2015.04.21-16.46.50:885][  0]Cmd: MAP CHECKDEP
[2015.04.21-16.46.50:885][  0]MapCheck: New page: TopDownExampleMap - Apr 21, 2015, 8:46:50 PM
[2015.04.21-16.46.50:974][  0]MapCheck: Info Map check complete: 0 Error(s), 0 Warning(s), took 88.936ms to complete.
[2015.04.21-16.46.50:974][  0]LogFileHelpers: Loading map 'TopDownExampleMap' took 1.198
[2015.04.21-16.46.51:122][  0]LogCollectionManager: Loaded 0 collections in 0.002004 seconds
[2015.04.21-16.46.51:130][  0]LogContentBrowser: Native class hierarchy populated in 0.0081 seconds. Added 1696 classes and 261 folders.
[2015.04.21-16.46.51:164][  0]LogContentBrowser: Native class hierarchy updated for 'SceneOutliner' in 0.0016 seconds. Added 1 classes and 2 folders.
[2015.04.21-16.46.51:216][  0]LogCrashTracker: Crashtracker disabled due to settings.
[2015.04.21-16.46.51:218][  0]LogSlate:Warning: Failed to load font data from 'Veranda'
[2015.04.21-16.46.51:222][  0]LogUObjectGlobals:Warning: Failed to find object 'Class None.'
[2015.04.21-16.46.51:249][  0]LogLoad: Full Startup: 15.00 seconds (BP compile: 0.36 seconds)
[2015.04.21-16.46.51:299][  0]LogContentBrowser:Verbose: The content browser source was changed by the sources view to '/Game/TopDownBP'
[2015.04.21-16.46.51:476][  0]LogRenderer:Warning: Reallocating scene r